[INFO] Scanning for projects...
[INFO] 
[INFO] ----------------< com.urbanvogue:notification-service >-----------------
[INFO] Building  0.0.1-SNAPSHOT
[INFO]   from pom.xml
[INFO] --------------------------------[ jar ]---------------------------------
[INFO] 
[INFO] >>> spring-boot:3.5.12:run (default-cli) > test-compile @ notification-service >>>
[INFO] 
[INFO] --- resources:3.3.1:resources (default-resources) @ notification-service ---
[INFO] Copying 1 resource from src\main\resources to target\classes
[INFO] Copying 0 resource from src\main\resources to target\classes
[INFO] 
[INFO] --- compiler:3.14.1:compile (default-compile) @ notification-service ---
[INFO] Nothing to compile - all classes are up to date.
[INFO] 
[INFO] --- resources:3.3.1:testResources (default-testResources) @ notification-service ---
[INFO] skip non existing resourceDirectory C:\Users\mithu\Desktop\urbanvogue\notification-service\src\test\resources
[INFO] 
[INFO] --- compiler:3.14.1:testCompile (default-testCompile) @ notification-service ---
[INFO] Recompiling the module because of changed source code.
[INFO] Compiling 1 source file with javac [debug parameters release 17] to target\test-classes
[INFO] 
[INFO] <<< spring-boot:3.5.12:run (default-cli) < test-compile @ notification-service <<<
[INFO] 
[INFO] 
[INFO] --- spring-boot:3.5.12:run (default-cli) @ notification-service ---
[INFO] Attaching agents: []

  .   ____          _            __ _ _
 /\\ / ___'_ __ _ _(_)_ __  __ _ \ \ \ \
( ( )\___ | '_ | '_| | '_ \/ _` | \ \ \ \
 \\/  ___)| |_)| | | | | || (_| |  ) ) ) )
  '  |____| .__|_| |_|_| |_\__, | / / / /
 =========|_|==============|___/=/_/_/_/

 :: Spring Boot ::               (v3.5.12)

2026-04-06T11:39:51.246+05:30  INFO 11304 --- [notification-service] [           main] [                                                 ] c.u.n.NotificationServiceApplication     : Starting NotificationServiceApplication using Java 21.0.7 with PID 11304 (C:\Users\mithu\Desktop\urbanvogue\notification-service\target\classes started by mithu in C:\Users\mithu\Desktop\urbanvogue\notification-service)
2026-04-06T11:39:51.253+05:30  INFO 11304 --- [notification-service] [           main] [                                                 ] c.u.n.NotificationServiceApplication     : No active profile set, falling back to 1 default profile: "default"
2026-04-06T11:39:53.206+05:30  INFO 11304 --- [notification-service] [           main] [                                                 ] o.s.b.w.embedded.tomcat.TomcatWebServer  : Tomcat initialized with port 8088 (http)
2026-04-06T11:39:53.232+05:30  INFO 11304 --- [notification-service] [           main] [                                                 ] o.apache.catalina.core.StandardService   : Starting service [Tomcat]
2026-04-06T11:39:53.234+05:30  INFO 11304 --- [notification-service] [           main] [                                                 ] o.apache.catalina.core.StandardEngine    : Starting Servlet engine: [Apache Tomcat/10.1.52]
2026-04-06T11:39:53.347+05:30  INFO 11304 --- [notification-service] [           main] [                                                 ] o.a.c.c.C.[Tomcat].[localhost].[/]       : Initializing Spring embedded WebApplicationContext
2026-04-06T11:39:53.350+05:30  INFO 11304 --- [notification-service] [           main] [                                                 ] w.s.c.ServletWebServerApplicationContext : Root WebApplicationContext: initialization completed in 2023 ms
2026-04-06T11:39:55.000+05:30  INFO 11304 --- [notification-service] [           main] [                                                 ] o.s.b.a.e.web.EndpointLinksResolver      : Exposing 1 endpoint beneath base path '/actuator'
2026-04-06T11:39:55.115+05:30  INFO 11304 --- [notification-service] [           main] [                                                 ] o.s.b.w.embedded.tomcat.TomcatWebServer  : Tomcat started on port 8088 (http) with context path '/'
2026-04-06T11:39:55.117+05:30  INFO 11304 --- [notification-service] [           main] [                                                 ] o.s.a.r.c.CachingConnectionFactory       : Attempting to connect to: [raccoon.lmq.cloudamqp.com:5671]
2026-04-06T11:39:56.244+05:30  INFO 11304 --- [notification-service] [           main] [                                                 ] o.s.a.r.c.CachingConnectionFactory       : Created new connection: rabbitConnectionFactory#7d47dfed:0/SimpleConnection@66314fee [delegate=amqp://hapeoftl@54.95.183.110:5671/hapeoftl, localPort=55857]
2026-04-06T11:39:57.428+05:30  INFO 11304 --- [notification-service] [           main] [                                                 ] c.u.n.NotificationServiceApplication     : Started NotificationServiceApplication in 6.891 seconds (process running for 7.408)
2026-04-06T11:40:20.385+05:30  INFO 11304 --- [notification-service] [ntContainer#0-2] [                                                 ] o.s.a.r.l.SimpleMessageListenerContainer : Waiting for workers to finish.
2026-04-06T11:40:20.587+05:30  INFO 11304 --- [notification-service] [ntContainer#0-2] [                                                 ] o.s.a.r.l.SimpleMessageListenerContainer : Successfully waited for workers to finish.
2026-04-06T11:40:20.588+05:30  INFO 11304 --- [notification-service] [ionShutdownHook] [                                                 ] o.s.b.w.e.tomcat.GracefulShutdown        : Commencing graceful shutdown. Waiting for active requests to complete
2026-04-06T11:40:20.607+05:30  INFO 11304 --- [notification-service] [tomcat-shutdown] [                                                 ] o.s.b.w.e.tomcat.GracefulShutdown        : Graceful shutdown complete
[INFO] ------------------------------------------------------------------------
[INFO] BUILD SUCCESS
[INFO] ------------------------------------------------------------------------
[INFO] Total time:  41.645 s
[INFO] Finished at: 2026-04-06T11:40:22+05:30
[INFO] ------------------------------------------------------------------------
Terminate batch job (Y/N)? 
^C