[INFO] Scanning for projects...
[INFO] 
[INFO] ------------------< com.urbanvogue:inventory-service >------------------
[INFO] Building inventory-service 0.0.1-SNAPSHOT
[INFO]   from pom.xml
[INFO] --------------------------------[ jar ]---------------------------------
[INFO] 
[INFO] --- resources:3.3.1:resources (default-resources) @ inventory-service ---
[INFO] Copying 1 resource from src\main\resources to target\classes
[INFO] Copying 0 resource from src\main\resources to target\classes
[INFO] 
[INFO] --- compiler:3.14.1:compile (default-compile) @ inventory-service ---
[INFO] Nothing to compile - all classes are up to date.
[INFO] 
[INFO] --- resources:3.3.1:testResources (default-testResources) @ inventory-service ---
[INFO] skip non existing resourceDirectory C:\Users\mithu\Desktop\urbanvogue\inventory-service\src\test\resources
[INFO] 
[INFO] --- compiler:3.14.1:testCompile (default-testCompile) @ inventory-service ---
[INFO] Nothing to compile - all classes are up to date.
[INFO] 
[INFO] --- surefire:3.5.4:test (default-test) @ inventory-service ---
[INFO] Using auto detected provider org.apache.maven.surefire.junitplatform.JUnitPlatformProvider
[INFO] 
[INFO] -------------------------------------------------------
[INFO]  T E S T S
[INFO] -------------------------------------------------------
[INFO] Running InventoryService - Performance Tests
Mockito is currently self-attaching to enable the inline-mock-maker. This will no longer work in future releases of the JDK. Please add Mockito as an agent to your build as described in Mockito's documentation: https://javadoc.io/doc/org.mockito/mockito-core/latest/org.mockito/org/mockito/Mockito.html#0.3
WARNING: A Java agent has been loaded dynamically (C:\Users\mithu\.m2\repository\net\bytebuddy\byte-buddy-agent\1.17.8\byte-buddy-agent-1.17.8.jar)
WARNING: If a serviceability tool is in use, please run with -XX:+EnableDynamicAgentLoading to hide this warning
WARNING: If a serviceability tool is not in use, please run with -Djdk.instrument.traceUsage for more information
WARNING: Dynamic loading of agents will be disallowed by default in a future release
Java HotSpot(TM) 64-Bit Server VM warning: Sharing is only supported for boot loader classes because bootstrap classpath has been appended
  ? 500 sequential deductions in 70ms
  ? Throughput: 7143 deductions/sec
  ? 1000 inventory lookups in 26ms
  ? Throughput: 38462 reads/sec

  ???????????????????????????????????????????
  ? CONCURRENT INVENTORY DEDUCTION RESULTS
  ???????????????????????????????????????????
  ? Concurrent ops:    50
  ? Successful:        50
  ? Failed:            0
  ? Total time:        2ms
  ? Avg response:      0.16ms
  ? P95 response:      1ms
  ? Throughput:        25000 ops/sec
  ???????????????????????????????????????????


  ???????????????????????????????????????????
  ? MIXED WORKLOAD RESULTS (70R/30W)
  ???????????????????????????????????????????
  ? Read success:      70/70
  ?? Write success:     30/30
  ? Total time:        7ms
  ? Combined ops/sec:  14286
  ???????????????????????????????????????????

[INFO] Tests run: 4, Failures: 0, Errors: 0, Skipped: 0, Time elapsed: 1.545 s -- in InventoryService - Performance Tests
[INFO] 
[INFO] Results:
[INFO] 
[INFO] Tests run: 4, Failures: 0, Errors: 0, Skipped: 0
[INFO] 
[INFO] ------------------------------------------------------------------------
[INFO] BUILD SUCCESS
[INFO] ------------------------------------------------------------------------
[INFO] Total time:  5.182 s
[INFO] Finished at: 2026-04-06T12:12:03+05:30
[INFO] ------------------------------------------------------------------------
